TN:
SF:/home/josh/Documents/EE461L/EE461L_Project/frontend/icdb/src/polyfills.ts
FNF:0
FNH:0
LF:0
LH:0
BRF:0
BRH:0
end_of_record
TN:
SF:/home/josh/Documents/EE461L/EE461L_Project/frontend/icdb/src/test.ts
FNF:0
FNH:0
DA:18,1
DA:23,1
DA:25,1
LF:3
LH:3
BRF:0
BRH:0
end_of_record
TN:
SF:/home/josh/Documents/EE461L/EE461L_Project/frontend/icdb/src/app/about.service.ts
FN:15,(anonymous_0)
FN:17,(anonymous_1)
FN:21,(anonymous_2)
FNF:3
FNH:3
FNDA:3,(anonymous_0)
FNDA:1,(anonymous_1)
FNDA:1,(anonymous_2)
DA:7,1
DA:8,1
DA:13,1
DA:15,3
DA:18,1
DA:22,1
LF:6
LH:6
BRF:0
BRH:0
end_of_record
TN:
SF:/home/josh/Documents/EE461L/EE461L_Project/frontend/icdb/src/app/app.component.ts
FN:15,(anonymous_0)
FN:19,(anonymous_1)
FNF:2
FNH:2
FNDA:2,(anonymous_0)
FNDA:1,(anonymous_1)
DA:12,1
DA:13,2
DA:15,2
DA:20,1
LF:4
LH:4
BRF:0
BRH:0
end_of_record
TN:
SF:/home/josh/Documents/EE461L/EE461L_Project/frontend/icdb/src/app/database.service.ts
FN:17,(anonymous_0)
FN:19,(anonymous_1)
FN:24,(anonymous_2)
FN:29,(anonymous_3)
FNF:4
FNH:4
FNDA:4,(anonymous_0)
FNDA:1,(anonymous_1)
FNDA:1,(anonymous_2)
FNDA:1,(anonymous_3)
DA:8,1
DA:9,1
DA:10,1
DA:15,1
DA:17,4
DA:20,1
DA:21,1
DA:25,1
DA:26,1
DA:30,1
DA:31,1
LF:11
LH:11
BRF:0
BRH:0
end_of_record
TN:
SF:/home/josh/Documents/EE461L/EE461L_Project/frontend/icdb/src/app/state.service.ts
FN:15,(anonymous_0)
FN:17,(anonymous_1)
FN:20,(anonymous_2)
FN:24,(anonymous_3)
FN:27,(anonymous_4)
FN:31,(anonymous_5)
FN:34,(anonymous_6)
FNF:7
FNH:7
FNDA:4,(anonymous_0)
FNDA:1,(anonymous_1)
FNDA:1,(anonymous_2)
FNDA:1,(anonymous_3)
FNDA:1,(anonymous_4)
FNDA:1,(anonymous_5)
FNDA:1,(anonymous_6)
DA:9,1
DA:18,1
DA:21,1
DA:25,1
DA:28,1
DA:32,1
DA:35,1
LF:7
LH:7
BRF:0
BRH:0
end_of_record
TN:
SF:/home/josh/Documents/EE461L/EE461L_Project/frontend/icdb/src/app/about/about.component.ts
FN:91,(anonymous_0)
FN:31,(anonymous_1)
FN:61,(anonymous_2)
FN:93,(anonymous_3)
FNF:4
FNH:4
FNDA:2,(anonymous_0)
FNDA:2,(anonymous_1)
FNDA:2,(anonymous_2)
FNDA:2,(anonymous_3)
DA:13,1
DA:15,2
DA:17,2
DA:27,2
DA:28,2
DA:30,2
DA:33,2
DA:34,12
DA:35,12
DA:37,2
DA:38,2
DA:40,2
DA:41,2
DA:43,2
DA:44,2
DA:46,2
DA:47,2
DA:49,2
DA:50,2
DA:52,2
DA:53,2
DA:60,2
DA:63,2
DA:64,2
DA:65,12
DA:66,12
DA:67,12
DA:69,2
DA:70,2
DA:72,2
DA:73,2
DA:75,2
DA:76,2
DA:78,2
DA:79,2
DA:81,2
DA:82,2
DA:84,2
DA:85,2
DA:91,2
DA:94,2
DA:95,2
LF:42
LH:42
BRDA:36,0,0,2
BRDA:36,0,1,2
BRDA:36,0,2,2
BRDA:36,0,3,2
BRDA:36,0,4,2
BRDA:36,0,5,2
BRDA:68,1,0,2
BRDA:68,1,1,2
BRDA:68,1,2,2
BRDA:68,1,3,2
BRDA:68,1,4,2
BRDA:68,1,5,2
BRF:12
BRH:12
end_of_record
TN:
SF:/home/josh/Documents/EE461L/EE461L_Project/frontend/icdb/src/app/author/author.component.ts
FN:14,(anonymous_0)
FN:16,(anonymous_1)
FNF:2
FNH:2
FNDA:1,(anonymous_0)
FNDA:1,(anonymous_1)
DA:10,1
DA:14,1
DA:17,1
LF:3
LH:3
BRF:0
BRH:0
end_of_record
TN:
SF:/home/josh/Documents/EE461L/EE461L_Project/frontend/icdb/src/app/authors/authors.component.ts
FN:22,(anonymous_0)
FN:25,(anonymous_1)
FN:35,(anonymous_2)
FN:39,(anonymous_3)
FN:43,(anonymous_4)
FN:48,(anonymous_5)
FNF:6
FNH:6
FNDA:3,(anonymous_0)
FNDA:5,(anonymous_1)
FNDA:1,(anonymous_2)
FNDA:1,(anonymous_3)
FNDA:2,(anonymous_4)
FNDA:3,(anonymous_5)
DA:14,1
DA:15,3
DA:19,3
DA:20,3
DA:22,3
DA:24,3
DA:27,5
DA:28,5
DA:29,5
DA:30,5
DA:31,5
DA:36,1
DA:40,1
DA:44,2
DA:45,2
DA:49,3
LF:16
LH:16
BRF:0
BRH:0
end_of_record
TN:
SF:/home/josh/Documents/EE461L/EE461L_Project/frontend/icdb/src/app/character/character.component.ts
FN:18,(anonymous_0)
FN:20,(anonymous_1)
FN:24,(anonymous_2)
FN:27,(anonymous_3)
FNF:4
FNH:4
FNDA:1,(anonymous_0)
FNDA:1,(anonymous_1)
FNDA:1,(anonymous_2)
FNDA:1,(anonymous_3)
DA:12,1
DA:14,1
DA:18,1
DA:21,1
DA:25,1
DA:28,1
LF:6
LH:6
BRF:0
BRH:0
end_of_record
TN:
SF:/home/josh/Documents/EE461L/EE461L_Project/frontend/icdb/src/app/characters/characters.component.ts
FN:22,(anonymous_0)
FN:25,(anonymous_1)
FN:35,(anonymous_2)
FN:39,(anonymous_3)
FN:43,(anonymous_4)
FN:48,(anonymous_5)
FNF:6
FNH:6
FNDA:3,(anonymous_0)
FNDA:5,(anonymous_1)
FNDA:1,(anonymous_2)
FNDA:1,(anonymous_3)
FNDA:2,(anonymous_4)
FNDA:3,(anonymous_5)
DA:14,1
DA:15,3
DA:19,3
DA:20,3
DA:22,3
DA:24,3
DA:27,5
DA:28,5
DA:29,5
DA:30,5
DA:31,5
DA:36,1
DA:40,1
DA:44,2
DA:45,2
DA:49,3
LF:16
LH:16
BRF:0
BRH:0
end_of_record
TN:
SF:/home/josh/Documents/EE461L/EE461L_Project/frontend/icdb/src/app/developer/developer.component.ts
FN:11,(anonymous_0)
FN:15,(anonymous_1)
FNF:2
FNH:2
FNDA:1,(anonymous_0)
FNDA:1,(anonymous_1)
DA:9,1
DA:13,1
LF:2
LH:2
BRF:0
BRH:0
end_of_record
TN:
SF:/home/josh/Documents/EE461L/EE461L_Project/frontend/icdb/src/app/issue/issue.component.ts
FN:18,(anonymous_0)
FN:20,(anonymous_1)
FN:24,(anonymous_2)
FN:27,(anonymous_3)
FNF:4
FNH:4
FNDA:1,(anonymous_0)
FNDA:1,(anonymous_1)
FNDA:1,(anonymous_2)
FNDA:1,(anonymous_3)
DA:12,1
DA:14,1
DA:18,1
DA:21,1
DA:25,1
DA:28,1
LF:6
LH:6
BRF:0
BRH:0
end_of_record
TN:
SF:/home/josh/Documents/EE461L/EE461L_Project/frontend/icdb/src/app/issues/issues.component.ts
FN:22,(anonymous_0)
FN:25,(anonymous_1)
FN:35,(anonymous_2)
FN:39,(anonymous_3)
FN:43,(anonymous_4)
FN:48,(anonymous_5)
FNF:6
FNH:6
FNDA:3,(anonymous_0)
FNDA:5,(anonymous_1)
FNDA:1,(anonymous_2)
FNDA:1,(anonymous_3)
FNDA:2,(anonymous_4)
FNDA:3,(anonymous_5)
DA:14,1
DA:15,3
DA:19,3
DA:20,3
DA:22,3
DA:24,3
DA:27,5
DA:28,5
DA:29,5
DA:30,5
DA:31,5
DA:36,1
DA:40,1
DA:44,2
DA:45,2
DA:49,3
LF:16
LH:16
BRF:0
BRH:0
end_of_record
TN:
SF:/home/josh/Documents/EE461L/EE461L_Project/frontend/icdb/src/app/splash/splash.component.ts
FN:10,(anonymous_0)
FN:12,(anonymous_1)
FNF:2
FNH:2
FNDA:1,(anonymous_0)
FNDA:1,(anonymous_1)
DA:8,1
LF:1
LH:1
BRF:0
BRH:0
end_of_record
